<?xml version="1.0" encoding="UTF-8"?>
<!-- Generated by org.testng.reporters.JUnitReportReporter -->
<testsuite hostname="DESKTOP-TGGC2MA" failures="0" tests="1" name="com.amazon.testcases.HomePageTest" time="35.831" errors="0" timestamp="2021-05-28T13:26:39 IST" skipped="0">
  <testcase classname="com.amazon.testcases.HomePageTest" name="testSearchResult" time="35.831"/>
  <system-out/>
</testsuite> <!-- com.amazon.testcases.HomePageTest -->
